<?xml version="1.0" encoding="UTF-8"?>
<!-- Generated by org.testng.reporters.JUnitReportReporter -->
<testsuite skipped="0" hostname="DESKTOP-7ME5DRG" name="com.crm.qa.testcases.OrderConfirmationPageTest" tests="1" failures="0" timestamp="2020-07-20T18:24:56 IST" time="57.304" errors="0">
  <testcase name="verifyOrderPlacedSuccessfully" time="57.304" classname="com.crm.qa.testcases.OrderConfirmationPageTest"/>
  <system-out/>
</testsuite> <!-- com.crm.qa.testcases.OrderConfirmationPageTest -->
