<?xml version="1.0" encoding="UTF-8"?>
<!-- Generated by org.testng.reporters.JUnitReportReporter -->
<testsuite skipped="0" hostname="DESKTOP-7ME5DRG" name="com.crm.qa.testcases.OrderConfirmationPageTest" tests="6" failures="0" timestamp="2020-07-21T08:56:07 IST" time="180.469" errors="0">
  <testcase name="verifyTotalInPaymentPageShownCorrectly" time="30.066" classname="com.crm.qa.testcases.OrderConfirmationPageTest"/>
  <system-out/>
  <testcase name="verifyOrderPlacedSuccessfully" time="34.201" classname="com.crm.qa.testcases.OrderConfirmationPageTest"/>
  <system-out/>
  <testcase name="verifyTotalAmountCalculatedSuccessfully" time="26.542" classname="com.crm.qa.testcases.OrderConfirmationPageTest"/>
  <system-out/>
  <testcase name="verifyAmountCalculatedSuccessfully" time="25.433" classname="com.crm.qa.testcases.OrderConfirmationPageTest"/>
  <system-out/>
  <testcase name="verifyTotalInOrdersHistoryPageShownCorrectly" time="37.914" classname="com.crm.qa.testcases.OrderConfirmationPageTest"/>
  <system-out/>
  <testcase name="verifyTotalInShippingPageShownCorrectly" time="26.313" classname="com.crm.qa.testcases.OrderConfirmationPageTest"/>
  <system-out/>
</testsuite> <!-- com.crm.qa.testcases.OrderConfirmationPageTest -->
