<?xml version="1.0" encoding="UTF-8"?>
<!-- Generated by org.testng.reporters.JUnitReportReporter -->
<testsuite skipped="0" hostname="DESKTOP-7ME5DRG" name="com.crm.qa.testcases.MyAccountPageTest" tests="1" failures="0" timestamp="2020-07-21T08:56:07 IST" time="16.342" errors="0">
  <testcase name="verifyLogoutLoginSuccessfully" time="16.342" classname="com.crm.qa.testcases.MyAccountPageTest"/>
  <system-out/>
</testsuite> <!-- com.crm.qa.testcases.MyAccountPageTest -->
