<?xml version="1.0" encoding="UTF-8"?>
<!-- Generated by org.testng.reporters.JUnitReportReporter -->
<testsuite skipped="0" hostname="DESKTOP-7ME5DRG" name="com.crm.qa.testcases.CreateAccountPageTest" tests="1" failures="0" timestamp="2020-07-21T08:56:07 IST" time="35.029" errors="0">
  <testcase name="verifyFormFilledSuccessfully" time="35.029" classname="com.crm.qa.testcases.CreateAccountPageTest"/>
  <system-out/>
</testsuite> <!-- com.crm.qa.testcases.CreateAccountPageTest -->
